2020-03-21 14:34:04.078 INFO  [restartedMain]com.hnxx.zy.clms.ClmsApplication.logStarting:55 -Starting ClmsApplication on DESKTOP-UFFICG8 with PID 20880 (started by 25610 in G:\【卓越班第一项目组】\【班务管理系统】\clms)
2020-03-21 14:34:04.092 INFO  [restartedMain]com.hnxx.zy.clms.ClmsApplication.logStartupProfileInfo:651 -No active profile set, falling back to default profiles: default
2020-03-21 14:34:04.208 INFO  [restartedMain]o.s.b.devtools.env.DevToolsPropertyDefaultsPostProcessor.logTo:225 -Devtools property defaults active! Set 'spring.devtools.add-properties' to 'false' to disable
2020-03-21 14:34:04.209 INFO  [restartedMain]o.s.b.devtools.env.DevToolsPropertyDefaultsPostProcessor.logTo:225 -For additional web related logging consider setting the 'logging.level.web' property to 'DEBUG'
2020-03-21 14:34:08.020 INFO  [restartedMain]o.s.boot.web.embedded.tomcat.TomcatWebServer.initialize:92 -Tomcat initialized with port(s): 8080 (http)
2020-03-21 14:34:08.095 INFO  [restartedMain]org.apache.coyote.http11.Http11NioProtocol.log:173 -Initializing ProtocolHandler ["http-nio-8080"]
2020-03-21 14:34:08.097 INFO  [restartedMain]org.apache.catalina.core.StandardService.log:173 -Starting service [Tomcat]
2020-03-21 14:34:08.101 INFO  [restartedMain]org.apache.catalina.core.StandardEngine.log:173 -Starting Servlet engine: [Apache Tomcat/9.0.31]
2020-03-21 14:34:08.321 INFO  [restartedMain]o.a.catalina.core.ContainerBase.[Tomcat].[localhost].[/].log:173 -Initializing Spring embedded WebApplicationContext
2020-03-21 14:34:08.322 INFO  [restartedMain]org.springframework.web.context.ContextLoader.prepareWebApplicationContext:284 -Root WebApplicationContext: initialization completed in 4112 ms
2020-03-21 14:34:08.653 INFO  [restartedMain]c.a.d.s.boot.autoconfigure.DruidDataSourceAutoConfigure.dataSource:56 -Init DruidDataSource
2020-03-21 14:34:13.675 INFO  [restartedMain]com.alibaba.druid.pool.DruidDataSource.init:930 -{dataSource-1} inited
2020-03-21 14:34:14.432 INFO  [restartedMain]o.s.scheduling.concurrent.ThreadPoolTaskExecutor.initialize:181 -Initializing ExecutorService 'applicationTaskExecutor'
2020-03-21 14:34:14.972 INFO  [restartedMain]o.s.boot.devtools.autoconfigure.OptionalLiveReloadServer.startServer:58 -LiveReload server is running on port 35729
2020-03-21 14:34:15.020 INFO  [restartedMain]org.apache.coyote.http11.Http11NioProtocol.log:173 -Starting ProtocolHandler ["http-nio-8080"]
2020-03-21 14:34:15.049 INFO  [restartedMain]o.s.boot.web.embedded.tomcat.TomcatWebServer.start:204 -Tomcat started on port(s): 8080 (http) with context path ''
2020-03-21 14:34:15.054 INFO  [restartedMain]com.hnxx.zy.clms.ClmsApplication.logStarted:61 -Started ClmsApplication in 12.644 seconds (JVM running for 19.614)
2020-03-21 14:36:43.278 INFO  [http-nio-8080-exec-3]o.a.catalina.core.ContainerBase.[Tomcat].[localhost].[/].log:173 -Initializing Spring DispatcherServlet 'dispatcherServlet'
2020-03-21 14:36:43.279 INFO  [http-nio-8080-exec-3]org.springframework.web.servlet.DispatcherServlet.initServletBean:525 -Initializing Servlet 'dispatcherServlet'
2020-03-21 14:36:43.298 INFO  [http-nio-8080-exec-3]org.springframework.web.servlet.DispatcherServlet.initServletBean:547 -Completed initialization in 18 ms
2020-03-21 14:37:15.491 INFO  [http-nio-8080-exec-4]com.hnxx.zy.clms.common.aspect.RequestAspect.printRequestLog:127 -请求地址 : /log/getByPage
2020-03-21 14:37:15.494 INFO  [http-nio-8080-exec-4]com.hnxx.zy.clms.common.aspect.RequestAspect.printRequestLog:128 -请求方式 : POST
2020-03-21 14:37:15.501 INFO  [http-nio-8080-exec-4]com.hnxx.zy.clms.common.aspect.RequestAspect.printRequestLog:131 -IP : 0:0:0:0:0:0:0:1
2020-03-21 14:37:15.505 INFO  [http-nio-8080-exec-4]com.hnxx.zy.clms.common.aspect.RequestAspect.printRequestLog:133 -方法 : com.hnxx.zy.clms.controller.LogController.getByPage
2020-03-21 14:37:15.506 INFO  [http-nio-8080-exec-4]com.hnxx.zy.clms.common.aspect.RequestAspect.printRequestLog:135 -请求参数：[Page(currentPage=1, pageSize=4, totalPage=0, totalCount=0, index=0, list=null, params={}, sortColumn=created_time, sortMethod=desc)]
2020-03-21 15:12:30.849 INFO  [restartedMain]com.hnxx.zy.clms.ClmsApplication.logStarting:55 -Starting ClmsApplication on DESKTOP-UFFICG8 with PID 12216 (started by 25610 in G:\【卓越班第一项目组】\【班务管理系统】\clms)
2020-03-21 15:12:30.857 INFO  [restartedMain]com.hnxx.zy.clms.ClmsApplication.logStartupProfileInfo:651 -No active profile set, falling back to default profiles: default
2020-03-21 15:12:31.056 INFO  [restartedMain]o.s.b.devtools.env.DevToolsPropertyDefaultsPostProcessor.logTo:225 -Devtools property defaults active! Set 'spring.devtools.add-properties' to 'false' to disable
2020-03-21 15:12:31.066 INFO  [restartedMain]o.s.b.devtools.env.DevToolsPropertyDefaultsPostProcessor.logTo:225 -For additional web related logging consider setting the 'logging.level.web' property to 'DEBUG'
2020-03-21 15:12:34.227 INFO  [restartedMain]o.s.boot.web.embedded.tomcat.TomcatWebServer.initialize:92 -Tomcat initialized with port(s): 8080 (http)
2020-03-21 15:12:34.239 INFO  [restartedMain]org.apache.coyote.http11.Http11NioProtocol.log:173 -Initializing ProtocolHandler ["http-nio-8080"]
2020-03-21 15:12:34.241 INFO  [restartedMain]org.apache.catalina.core.StandardService.log:173 -Starting service [Tomcat]
2020-03-21 15:12:34.243 INFO  [restartedMain]org.apache.catalina.core.StandardEngine.log:173 -Starting Servlet engine: [Apache Tomcat/9.0.31]
2020-03-21 15:12:34.476 INFO  [restartedMain]o.a.catalina.core.ContainerBase.[Tomcat].[localhost].[/].log:173 -Initializing Spring embedded WebApplicationContext
2020-03-21 15:12:34.477 INFO  [restartedMain]org.springframework.web.context.ContextLoader.prepareWebApplicationContext:284 -Root WebApplicationContext: initialization completed in 3409 ms
2020-03-21 15:12:34.631 INFO  [restartedMain]c.a.d.s.boot.autoconfigure.DruidDataSourceAutoConfigure.dataSource:56 -Init DruidDataSource
2020-03-21 15:12:38.658 INFO  [restartedMain]com.alibaba.druid.pool.DruidDataSource.init:930 -{dataSource-1} inited
2020-03-21 15:12:39.470 INFO  [restartedMain]o.s.scheduling.concurrent.ThreadPoolTaskExecutor.initialize:181 -Initializing ExecutorService 'applicationTaskExecutor'
2020-03-21 15:12:39.915 INFO  [restartedMain]o.s.boot.devtools.autoconfigure.OptionalLiveReloadServer.startServer:58 -LiveReload server is running on port 35729
2020-03-21 15:12:39.962 INFO  [restartedMain]org.apache.coyote.http11.Http11NioProtocol.log:173 -Starting ProtocolHandler ["http-nio-8080"]
2020-03-21 15:12:39.996 INFO  [restartedMain]o.s.boot.web.embedded.tomcat.TomcatWebServer.start:204 -Tomcat started on port(s): 8080 (http) with context path ''
2020-03-21 15:12:39.999 INFO  [restartedMain]com.hnxx.zy.clms.ClmsApplication.logStarted:61 -Started ClmsApplication in 11.018 seconds (JVM running for 13.582)
2020-03-21 15:12:48.004 INFO  [http-nio-8080-exec-1]o.a.catalina.core.ContainerBase.[Tomcat].[localhost].[/].log:173 -Initializing Spring DispatcherServlet 'dispatcherServlet'
2020-03-21 15:12:48.004 INFO  [http-nio-8080-exec-1]org.springframework.web.servlet.DispatcherServlet.initServletBean:525 -Initializing Servlet 'dispatcherServlet'
2020-03-21 15:12:48.025 INFO  [http-nio-8080-exec-1]org.springframework.web.servlet.DispatcherServlet.initServletBean:547 -Completed initialization in 19 ms
2020-03-21 15:12:48.173 INFO  [http-nio-8080-exec-1]com.hnxx.zy.clms.common.aspect.RequestAspect.printRequestLog:127 -请求地址 : /log/getByPage
2020-03-21 15:12:48.175 INFO  [http-nio-8080-exec-1]com.hnxx.zy.clms.common.aspect.RequestAspect.printRequestLog:128 -请求方式 : POST
2020-03-21 15:12:48.180 INFO  [http-nio-8080-exec-1]com.hnxx.zy.clms.common.aspect.RequestAspect.printRequestLog:131 -IP : 0:0:0:0:0:0:0:1
2020-03-21 15:12:48.183 INFO  [http-nio-8080-exec-1]com.hnxx.zy.clms.common.aspect.RequestAspect.printRequestLog:133 -方法 : com.hnxx.zy.clms.controller.LogController.getByPage
2020-03-21 15:12:48.185 INFO  [http-nio-8080-exec-1]com.hnxx.zy.clms.common.aspect.RequestAspect.printRequestLog:135 -请求参数：[Page(currentPage=1, pageSize=4, totalPage=0, totalCount=0, index=0, list=null, params={}, sortColumn=created_time, sortMethod=desc)]
2020-03-21 15:12:48.616 INFO  [http-nio-8080-exec-1]com.hnxx.zy.clms.common.aspect.RequestAspect.doAround:81 -耗时 : 444
2020-03-21 15:12:48.854 INFO  [http-nio-8080-exec-1]com.hnxx.zy.clms.common.aspect.RequestAspect.doAfterReturning:96 -返回值:{"code":200,"data":{"currentPage":1,"index":0,"list":[{"createdTime":"2020-03-21 14:37:15","logId":37,"logIp":"0:0:0:0:0:0:0:1","logMessage":"org.springframework.jdbc.BadSqlGrammarException: \n### Error querying database.  Cause: java.sql.SQLSyntaxErrorException: You have an error in your SQL syntax; check the manual that corresponds to your MySQL server version for the right syntax to use near '<where>\n### The error may exist in com/hnxx/zy/clms/core/mapper/LogMapper.java (best guess)\n### The error may involve com.hnxx.zy.clms.core.mapper.LogMapper.getByPage-Inline\n### Cause: java.sql.SQLSyntaxErrorException: You have an error in your SQL syntax; check the manual that corresponds to your MySQL server version for the right syntax to use near '<where>\n; bad SQL grammar []; nested exception is java.sql.SQLSyntaxErrorException: You have an error in your SQL syntax; check the manual that corresponds to your MySQL server version for the right syntax to use near '<where>\n\tat com.hnxx.zy.clms.core.service.impl.LogServiceImpl.getByPage(LogServiceImpl.java:40)\n\tat com.hnxx.zy.clms.controller.LogController.getByPage(LogController.java:53)\n\tat com.hnxx.zy.clms.controller.LogController$$FastClassBySpringCGLIB$$c69edd99.invoke(<generated>)\n\tat com.hnxx.zy.clms.common.aspect.RequestAspect.doAround(RequestAspect.java:78)\n\tat com.hnxx.zy.clms.controller.LogController$$EnhancerBySpringCGLIB$$53f0d3a9.getByPage(<generated>)\nCaused by: java.sql.SQLSyntaxErrorException: You have an error in your SQL syntax; check the manual that corresponds to your MySQL server version for the right syntax to use near '<where>\n","logMethod":"POST","logParams":"[Page(currentPage=1, pageSize=4, totalPage=0, totalCount=0, index=0, list=null, params={}, sortColumn=created_time, sortMethod=desc)]","logStatus":0,"logTime":0,"logUrl":"/log/getByPage"},{"createdTime":"2020-03-20 21:01:48","logId":36,"logIp":"127.0.0.1","logMethod":"GET","logParams":"[]","logResult":"{\"code\":200,\"data\":[{\"createdTime\":\"2020-03-17 22:22:57\",\"isDeleted\":0,\"isEnabled\":1,\"updateTime\":\"2020-03-18 16:34:12\",\"version\":1,\"xxId\":1,\"xxName\":\"测试模型1\"},{\"createdTime\":\"2020-03-18 10:06:34\",\"isDeleted\":0,\"isEnabled\":1,\"updateTime\":\"2020-03-18 16:34:23\",\"version\":1,\"xxId\":3,\"xxName\":\"测试模型3\"},{\"createdTime\":\"2020-03-18 10:32:13\",\"isDeleted\":0,\"isEnabled\":1,\"updateTime\":\"2020-03-18 16:34:32\",\"version\":1,\"xxId\":4,\"xxName\":\"测试模型4\"},{\"createdTime\":\"2020-03-18 10:32:24\",\"isDeleted\":0,\"isEnabled\":1,\"updateTime\":\"2020-03-18 16:34:36\",\"version\":1,\"xxId\":5,\"xxName\":\"测试模型5\"},{\"createdTime\":\"2020-03-18 10:32:31\",\"isDeleted\":0,\"isEnabled\":1,\"updateTime\":\"2020-03-18 16:34:38\",\"version\":1,\"xxId\":6,\"xxName\":\"测试模型6\"},{\"createdTime\":\"2020-03-18 11:20:50\",\"isDeleted\":0,\"isEnabled\":1,\"updateTime\":\"2020-03-18 16:34:41\",\"version\":1,\"xxId\":7,\"xxName\":\"测试模型7\"},{\"createdTime\":\"2020-03-18 11:55:58\",\"isDeleted\":0,\"isEnabled\":1,\"updateTime\":\"2020-03-18 16:34:46\",\"version\":1,\"xxId\":8,\"xxName\":\"测试模型8\"},{\"createdTime\":\"2020-03-18 12:15:33\",\"isDeleted\":0,\"isEnabled\":1,\"updateTime\":\"2020-03-18 16:34:50\",\"version\":1,\"xxId\":9,\"xxName\":\"测试模型9\"},{\"createdTime\":\"2020-03-18 12:16:27\",\"isDeleted\":0,\"isEnabled\":1,\"updateTime\":\"2020-03-18 16:34:57\",\"version\":1,\"xxId\":10,\"xxName\":\"测试模型10\"},{\"createdTime\":\"2020-03-18 12:17:05\",\"isDeleted\":0,\"isEnabled\":1,\"updateTime\":\"2020-03-18 16:35:00\",\"version\":1,\"xxId\":11,\"xxName\":\"测试模型11\"},{\"createdTime\":\"2020-03-18 12:18:35\",\"isDeleted\":0,\"isEnabled\":1,\"updateTime\":\"2020-03-18 16:35:05\",\"version\":1,\"xxId\":12,\"xxName\":\"测试模型12\"},{\"createdTime\":\"2020-03-18 12:28:47\",\"isDeleted\":1,\"isEnabled\":1,\"updateTime\":\"2020-03-18 16:35:30\",\"version\":1,\"xxId\":13,\"xxName\":\"xxx\"},{\"createdTime\":\"2020-03-18 12:28:54\",\"isDeleted\":1,\"isEnabled\":1,\"updateTime\":\"2020-03-18 16:35:35\",\"version\":1,\"xxId\":14,\"xxName\":\"xxxxxxx\"}],\"msg\":\"操作成功！\"}","logStatus":1,"logTime":2274,"logUrl":"/xxx/list"},{"createdTime":"2020-03-20 20:56:20","logId":35,"logIp":"0:0:0:0:0:0:0:1","logMethod":"GET","logParams":"[]","logResult":"{\"code\":200,\"data\":[{\"createdTime\":\"2020-03-17 22:22:57\",\"isDeleted\":0,\"isEnabled\":1,\"updateTime\":\"2020-03-18 16:34:12\",\"version\":1,\"xxId\":1,\"xxName\":\"测试模型1\"},{\"createdTime\":\"2020-03-18 10:06:34\",\"isDeleted\":0,\"isEnabled\":1,\"updateTime\":\"2020-03-18 16:34:23\",\"version\":1,\"xxId\":3,\"xxName\":\"测试模型3\"},{\"createdTime\":\"2020-03-18 10:32:13\",\"isDeleted\":0,\"isEnabled\":1,\"updateTime\":\"2020-03-18 16:34:32\",\"version\":1,\"xxId\":4,\"xxName\":\"测试模型4\"},{\"createdTime\":\"2020-03-18 10:32:24\",\"isDeleted\":0,\"isEnabled\":1,\"updateTime\":\"2020-03-18 16:34:36\",\"version\":1,\"xxId\":5,\"xxName\":\"测试模型5\"},{\"createdTime\":\"2020-03-18 10:32:31\",\"isDeleted\":0,\"isEnabled\":1,\"updateTime\":\"2020-03-18 16:34:38\",\"version\":1,\"xxId\":6,\"xxName\":\"测试模型6\"},{\"createdTime\":\"2020-03-18 11:20:50\",\"isDeleted\":0,\"isEnabled\":1,\"updateTime\":\"2020-03-18 16:34:41\",\"version\":1,\"xxId\":7,\"xxName\":\"测试模型7\"},{\"createdTime\":\"2020-03-18 11:55:58\",\"isDeleted\":0,\"isEnabled\":1,\"updateTime\":\"2020-03-18 16:34:46\",\"version\":1,\"xxId\":8,\"xxName\":\"测试模型8\"},{\"createdTime\":\"2020-03-18 12:15:33\",\"isDeleted\":0,\"isEnabled\":1,\"updateTime\":\"2020-03-18 16:34:50\",\"version\":1,\"xxId\":9,\"xxName\":\"测试模型9\"},{\"createdTime\":\"2020-03-18 12:16:27\",\"isDeleted\":0,\"isEnabled\":1,\"updateTime\":\"2020-03-18 16:34:57\",\"version\":1,\"xxId\":10,\"xxName\":\"测试模型10\"},{\"createdTime\":\"2020-03-18 12:17:05\",\"isDeleted\":0,\"isEnabled\":1,\"updateTime\":\"2020-03-18 16:35:00\",\"version\":1,\"xxId\":11,\"xxName\":\"测试模型11\"},{\"createdTime\":\"2020-03-18 12:18:35\",\"isDeleted\":0,\"isEnabled\":1,\"updateTime\":\"2020-03-18 16:35:05\",\"version\":1,\"xxId\":12,\"xxName\":\"测试模型12\"},{\"createdTime\":\"2020-03-18 12:28:47\",\"isDeleted\":1,\"isEnabled\":1,\"updateTime\":\"2020-03-18 16:35:30\",\"version\":1,\"xxId\":13,\"xxName\":\"xxx\"},{\"createdTime\":\"2020-03-18 12:28:54\",\"isDeleted\":1,\"isEnabled\":1,\"updateTime\":\"2020-03-18 16:35:35\",\"version\":1,\"xxId\":14,\"xxName\":\"xxxxxxx\"}],\"msg\":\"操作成功！\"}","logStatus":1,"logTime":86,"logUrl":"/xxx/list"},{"createdTime":"2020-03-20 20:55:50","logId":34,"logIp":"0:0:0:0:0:0:0:1","logMethod":"GET","logParams":"[]","logResult":"{\"code\":200,\"data\":[{\"createdTime\":\"2020-03-17 22:22:57\",\"isDeleted\":0,\"isEnabled\":1,\"updateTime\":\"2020-03-18 16:34:12\",\"version\":1,\"xxId\":1,\"xxName\":\"测试模型1\"},{\"createdTime\":\"2020-03-18 10:06:34\",\"isDeleted\":0,\"isEnabled\":1,\"updateTime\":\"2020-03-18 16:34:23\",\"version\":1,\"xxId\":3,\"xxName\":\"测试模型3\"},{\"createdTime\":\"2020-03-18 10:32:13\",\"isDeleted\":0,\"isEnabled\":1,\"updateTime\":\"2020-03-18 16:34:32\",\"version\":1,\"xxId\":4,\"xxName\":\"测试模型4\"},{\"createdTime\":\"2020-03-18 10:32:24\",\"isDeleted\":0,\"isEnabled\":1,\"updateTime\":\"2020-03-18 16:34:36\",\"version\":1,\"xxId\":5,\"xxName\":\"测试模型5\"},{\"createdTime\":\"2020-03-18 10:32:31\",\"isDeleted\":0,\"isEnabled\":1,\"updateTime\":\"2020-03-18 16:34:38\",\"version\":1,\"xxId\":6,\"xxName\":\"测试模型6\"},{\"createdTime\":\"2020-03-18 11:20:50\",\"isDeleted\":0,\"isEnabled\":1,\"updateTime\":\"2020-03-18 16:34:41\",\"version\":1,\"xxId\":7,\"xxName\":\"测试模型7\"},{\"createdTime\":\"2020-03-18 11:55:58\",\"isDeleted\":0,\"isEnabled\":1,\"updateTime\":\"2020-03-18 16:34:46\",\"version\":1,\"xxId\":8,\"xxName\":\"测试模型8\"},{\"createdTime\":\"2020-03-18 12:15:33\",\"isDeleted\":0,\"isEnabled\":1,\"updateTime\":\"2020-03-18 16:34:50\",\"version\":1,\"xxId\":9,\"xxName\":\"测试模型9\"},{\"createdTime\":\"2020-03-18 12:16:27\",\"isDeleted\":0,\"isEnabled\":1,\"updateTime\":\"2020-03-18 16:34:57\",\"version\":1,\"xxId\":10,\"xxName\":\"测试模型10\"},{\"createdTime\":\"2020-03-18 12:17:05\",\"isDeleted\":0,\"isEnabled\":1,\"updateTime\":\"2020-03-18 16:35:00\",\"version\":1,\"xxId\":11,\"xxName\":\"测试模型11\"},{\"createdTime\":\"2020-03-18 12:18:35\",\"isDeleted\":0,\"isEnabled\":1,\"updateTime\":\"2020-03-18 16:35:05\",\"version\":1,\"xxId\":12,\"xxName\":\"测试模型12\"},{\"createdTime\":\"2020-03-18 12:28:47\",\"isDeleted\":1,\"isEnabled\":1,\"updateTime\":\"2020-03-18 16:35:30\",\"version\":1,\"xxId\":13,\"xxName\":\"xxx\"},{\"createdTime\":\"2020-03-18 12:28:54\",\"isDeleted\":1,\"isEnabled\":1,\"updateTime\":\"2020-03-18 16:35:35\",\"version\":1,\"xxId\":14,\"xxName\":\"xxxxxxx\"}],\"msg\":\"操作成功！\"}","logStatus":1,"logTime":94,"logUrl":"/xxx/list"}],"pageSize":4,"params":{},"sortColumn":"created_time","sortMethod":"desc","totalCount":13,"totalPage":4},"msg":"操作成功！"}
2020-03-21 15:16:04.549 INFO  [restartedMain]com.hnxx.zy.clms.ClmsApplication.logStarting:55 -Starting ClmsApplication on DESKTOP-UFFICG8 with PID 2804 (started by 25610 in G:\【卓越班第一项目组】\【班务管理系统】\clms)
2020-03-21 15:16:04.564 INFO  [restartedMain]com.hnxx.zy.clms.ClmsApplication.logStartupProfileInfo:651 -No active profile set, falling back to default profiles: default
2020-03-21 15:16:04.714 INFO  [restartedMain]o.s.b.devtools.env.DevToolsPropertyDefaultsPostProcessor.logTo:225 -Devtools property defaults active! Set 'spring.devtools.add-properties' to 'false' to disable
2020-03-21 15:16:04.715 INFO  [restartedMain]o.s.b.devtools.env.DevToolsPropertyDefaultsPostProcessor.logTo:225 -For additional web related logging consider setting the 'logging.level.web' property to 'DEBUG'
2020-03-21 15:16:08.164 INFO  [restartedMain]o.s.boot.web.embedded.tomcat.TomcatWebServer.initialize:92 -Tomcat initialized with port(s): 8080 (http)
2020-03-21 15:16:08.174 INFO  [restartedMain]org.apache.coyote.http11.Http11NioProtocol.log:173 -Initializing ProtocolHandler ["http-nio-8080"]
2020-03-21 15:16:08.176 INFO  [restartedMain]org.apache.catalina.core.StandardService.log:173 -Starting service [Tomcat]
2020-03-21 15:16:08.176 INFO  [restartedMain]org.apache.catalina.core.StandardEngine.log:173 -Starting Servlet engine: [Apache Tomcat/9.0.31]
2020-03-21 15:16:08.286 INFO  [restartedMain]o.a.catalina.core.ContainerBase.[Tomcat].[localhost].[/].log:173 -Initializing Spring embedded WebApplicationContext
2020-03-21 15:16:08.287 INFO  [restartedMain]org.springframework.web.context.ContextLoader.prepareWebApplicationContext:284 -Root WebApplicationContext: initialization completed in 3571 ms
2020-03-21 15:16:08.489 INFO  [restartedMain]c.a.d.s.boot.autoconfigure.DruidDataSourceAutoConfigure.dataSource:56 -Init DruidDataSource
2020-03-21 15:16:12.923 INFO  [restartedMain]com.alibaba.druid.pool.DruidDataSource.init:930 -{dataSource-1} inited
2020-03-21 15:16:13.906 INFO  [restartedMain]o.s.scheduling.concurrent.ThreadPoolTaskExecutor.initialize:181 -Initializing ExecutorService 'applicationTaskExecutor'
2020-03-21 15:16:14.572 INFO  [restartedMain]o.s.boot.devtools.autoconfigure.OptionalLiveReloadServer.startServer:58 -LiveReload server is running on port 35729
2020-03-21 15:16:14.627 INFO  [restartedMain]org.apache.coyote.http11.Http11NioProtocol.log:173 -Starting ProtocolHandler ["http-nio-8080"]
2020-03-21 15:16:14.660 INFO  [restartedMain]o.s.boot.web.embedded.tomcat.TomcatWebServer.start:204 -Tomcat started on port(s): 8080 (http) with context path ''
2020-03-21 15:16:14.664 INFO  [restartedMain]com.hnxx.zy.clms.ClmsApplication.logStarted:61 -Started ClmsApplication in 11.749 seconds (JVM running for 14.48)
2020-03-21 15:16:57.029 INFO  [http-nio-8080-exec-2]o.a.catalina.core.ContainerBase.[Tomcat].[localhost].[/].log:173 -Initializing Spring DispatcherServlet 'dispatcherServlet'
2020-03-21 15:16:57.030 INFO  [http-nio-8080-exec-2]org.springframework.web.servlet.DispatcherServlet.initServletBean:525 -Initializing Servlet 'dispatcherServlet'
2020-03-21 15:16:57.047 INFO  [http-nio-8080-exec-2]org.springframework.web.servlet.DispatcherServlet.initServletBean:547 -Completed initialization in 17 ms
2020-03-21 15:16:57.091 INFO  [http-nio-8080-exec-2]com.hnxx.zy.clms.common.aspect.RequestAspect.printRequestLog:127 -请求地址 : /log/delete/2
2020-03-21 15:16:57.093 INFO  [http-nio-8080-exec-2]com.hnxx.zy.clms.common.aspect.RequestAspect.printRequestLog:128 -请求方式 : DELETE
2020-03-21 15:16:57.099 INFO  [http-nio-8080-exec-2]com.hnxx.zy.clms.common.aspect.RequestAspect.printRequestLog:131 -IP : 0:0:0:0:0:0:0:1
2020-03-21 15:16:57.103 INFO  [http-nio-8080-exec-2]com.hnxx.zy.clms.common.aspect.RequestAspect.printRequestLog:133 -方法 : com.hnxx.zy.clms.controller.LogController.delete
2020-03-21 15:16:57.104 INFO  [http-nio-8080-exec-2]com.hnxx.zy.clms.common.aspect.RequestAspect.printRequestLog:135 -请求参数：[2]
2020-03-21 15:16:57.335 INFO  [http-nio-8080-exec-2]com.hnxx.zy.clms.common.aspect.RequestAspect.doAround:81 -耗时 : 245
2020-03-21 15:16:57.438 INFO  [http-nio-8080-exec-2]com.hnxx.zy.clms.common.aspect.RequestAspect.doAfterReturning:96 -返回值:{"code":200,"msg":"删除成功!"}
2020-03-21 15:17:15.631 INFO  [http-nio-8080-exec-3]com.hnxx.zy.clms.common.aspect.RequestAspect.printRequestLog:127 -请求地址 : /log/deleteByIds
2020-03-21 15:17:15.632 INFO  [http-nio-8080-exec-3]com.hnxx.zy.clms.common.aspect.RequestAspect.printRequestLog:128 -请求方式 : PUT
2020-03-21 15:17:15.636 INFO  [http-nio-8080-exec-3]com.hnxx.zy.clms.common.aspect.RequestAspect.printRequestLog:131 -IP : 0:0:0:0:0:0:0:1
2020-03-21 15:17:15.637 INFO  [http-nio-8080-exec-3]com.hnxx.zy.clms.common.aspect.RequestAspect.printRequestLog:133 -方法 : com.hnxx.zy.clms.controller.LogController.deleteByIds
2020-03-21 15:17:15.637 INFO  [http-nio-8080-exec-3]com.hnxx.zy.clms.common.aspect.RequestAspect.printRequestLog:135 -请求参数：[[1, 3, 4]]
2020-03-21 15:17:15.780 INFO  [http-nio-8080-exec-3]com.hnxx.zy.clms.common.aspect.RequestAspect.doAround:81 -耗时 : 149
2020-03-21 15:17:15.780 INFO  [http-nio-8080-exec-3]com.hnxx.zy.clms.common.aspect.RequestAspect.doAfterReturning:96 -返回值:{"code":200,"msg":"删除成功！"}
