2020-03-20 11:28:46.228 INFO  [restartedMain]com.hnxx.zy.clms.ClmsApplication.logStarting:55 -Starting ClmsApplication on DESKTOP-UFFICG8 with PID 11396 (started by 25610 in G:\【卓越班第一项目组】\【班务管理系统】\clms)
2020-03-20 11:28:46.327 INFO  [restartedMain]com.hnxx.zy.clms.ClmsApplication.logStartupProfileInfo:651 -No active profile set, falling back to default profiles: default
2020-03-20 11:28:46.659 INFO  [restartedMain]o.s.b.devtools.env.DevToolsPropertyDefaultsPostProcessor.logTo:225 -Devtools property defaults active! Set 'spring.devtools.add-properties' to 'false' to disable
2020-03-20 11:28:46.660 INFO  [restartedMain]o.s.b.devtools.env.DevToolsPropertyDefaultsPostProcessor.logTo:225 -For additional web related logging consider setting the 'logging.level.web' property to 'DEBUG'
2020-03-20 11:28:54.693 INFO  [restartedMain]o.s.boot.web.embedded.tomcat.TomcatWebServer.initialize:92 -Tomcat initialized with port(s): 8080 (http)
2020-03-20 11:28:54.708 INFO  [restartedMain]org.apache.coyote.http11.Http11NioProtocol.log:173 -Initializing ProtocolHandler ["http-nio-8080"]
2020-03-20 11:28:54.710 INFO  [restartedMain]org.apache.catalina.core.StandardService.log:173 -Starting service [Tomcat]
2020-03-20 11:28:54.710 INFO  [restartedMain]org.apache.catalina.core.StandardEngine.log:173 -Starting Servlet engine: [Apache Tomcat/9.0.31]
2020-03-20 11:28:54.858 INFO  [restartedMain]o.a.catalina.core.ContainerBase.[Tomcat].[localhost].[/].log:173 -Initializing Spring embedded WebApplicationContext
2020-03-20 11:28:54.858 INFO  [restartedMain]org.springframework.web.context.ContextLoader.prepareWebApplicationContext:284 -Root WebApplicationContext: initialization completed in 8197 ms
2020-03-20 11:28:55.084 INFO  [restartedMain]c.a.d.s.boot.autoconfigure.DruidDataSourceAutoConfigure.dataSource:56 -Init DruidDataSource
2020-03-20 11:28:59.434 INFO  [restartedMain]com.alibaba.druid.pool.DruidDataSource.init:930 -{dataSource-1} inited
2020-03-20 11:29:00.483 INFO  [restartedMain]o.s.scheduling.concurrent.ThreadPoolTaskExecutor.initialize:181 -Initializing ExecutorService 'applicationTaskExecutor'
2020-03-20 11:29:01.060 INFO  [restartedMain]o.s.b.a.s.servlet.UserDetailsServiceAutoConfiguration.getOrDeducePassword:86 -

Using generated security password: 4dd51131-9405-44d2-bb2c-495d4851b8f6

2020-03-20 11:29:01.249 INFO  [restartedMain]o.s.security.web.DefaultSecurityFilterChain.<init>:43 -Creating filter chain: any request, [org.springframework.security.web.context.request.async.WebAsyncManagerIntegrationFilter@1676c167, org.springframework.security.web.context.SecurityContextPersistenceFilter@52874430, org.springframework.security.web.header.HeaderWriterFilter@61f1732, org.springframework.security.web.csrf.CsrfFilter@1441056f, org.springframework.security.web.authentication.logout.LogoutFilter@61ed7172, org.springframework.security.web.authentication.UsernamePasswordAuthenticationFilter@5b9966f6, org.springframework.security.web.authentication.ui.DefaultLoginPageGeneratingFilter@3ff0090, org.springframework.security.web.authentication.ui.DefaultLogoutPageGeneratingFilter@60ff300f, org.springframework.security.web.authentication.www.BasicAuthenticationFilter@6e0852ca, org.springframework.security.web.savedrequest.RequestCacheAwareFilter@423a256, org.springframework.security.web.servletapi.SecurityContextHolderAwareRequestFilter@50562beb, org.springframework.security.web.authentication.AnonymousAuthenticationFilter@2e3e6f2d, org.springframework.security.web.session.SessionManagementFilter@761221dd, org.springframework.security.web.access.ExceptionTranslationFilter@3f63358, org.springframework.security.web.access.intercept.FilterSecurityInterceptor@6555be39]
2020-03-20 11:29:01.361 INFO  [restartedMain]o.s.boot.devtools.autoconfigure.OptionalLiveReloadServer.startServer:58 -LiveReload server is running on port 35729
2020-03-20 11:29:01.402 INFO  [restartedMain]org.apache.coyote.http11.Http11NioProtocol.log:173 -Starting ProtocolHandler ["http-nio-8080"]
2020-03-20 11:29:01.462 INFO  [restartedMain]o.s.boot.web.embedded.tomcat.TomcatWebServer.start:204 -Tomcat started on port(s): 8080 (http) with context path ''
2020-03-20 11:29:01.466 INFO  [restartedMain]com.hnxx.zy.clms.ClmsApplication.logStarted:61 -Started ClmsApplication in 17.581 seconds (JVM running for 22.214)
2020-03-20 11:29:38.059 INFO  [http-nio-8080-exec-3]o.a.catalina.core.ContainerBase.[Tomcat].[localhost].[/].log:173 -Initializing Spring DispatcherServlet 'dispatcherServlet'
2020-03-20 11:29:38.060 INFO  [http-nio-8080-exec-3]org.springframework.web.servlet.DispatcherServlet.initServletBean:525 -Initializing Servlet 'dispatcherServlet'
2020-03-20 11:29:38.080 INFO  [http-nio-8080-exec-3]org.springframework.web.servlet.DispatcherServlet.initServletBean:547 -Completed initialization in 20 ms
2020-03-20 12:01:23.141 INFO  [restartedMain]com.hnxx.zy.clms.ClmsApplication.logStarting:55 -Starting ClmsApplication on DESKTOP-UFFICG8 with PID 16540 (started by 25610 in G:\【卓越班第一项目组】\【班务管理系统】\clms)
2020-03-20 12:01:23.149 INFO  [restartedMain]com.hnxx.zy.clms.ClmsApplication.logStartupProfileInfo:651 -No active profile set, falling back to default profiles: default
2020-03-20 12:01:23.298 INFO  [restartedMain]o.s.b.devtools.env.DevToolsPropertyDefaultsPostProcessor.logTo:225 -Devtools property defaults active! Set 'spring.devtools.add-properties' to 'false' to disable
2020-03-20 12:01:23.299 INFO  [restartedMain]o.s.b.devtools.env.DevToolsPropertyDefaultsPostProcessor.logTo:225 -For additional web related logging consider setting the 'logging.level.web' property to 'DEBUG'
2020-03-20 12:01:26.129 INFO  [restartedMain]o.s.boot.web.embedded.tomcat.TomcatWebServer.initialize:92 -Tomcat initialized with port(s): 8080 (http)
2020-03-20 12:01:26.164 INFO  [restartedMain]org.apache.coyote.http11.Http11NioProtocol.log:173 -Initializing ProtocolHandler ["http-nio-8080"]
2020-03-20 12:01:26.166 INFO  [restartedMain]org.apache.catalina.core.StandardService.log:173 -Starting service [Tomcat]
2020-03-20 12:01:26.166 INFO  [restartedMain]org.apache.catalina.core.StandardEngine.log:173 -Starting Servlet engine: [Apache Tomcat/9.0.31]
2020-03-20 12:01:26.275 INFO  [restartedMain]o.a.catalina.core.ContainerBase.[Tomcat].[localhost].[/].log:173 -Initializing Spring embedded WebApplicationContext
2020-03-20 12:01:26.275 INFO  [restartedMain]org.springframework.web.context.ContextLoader.prepareWebApplicationContext:284 -Root WebApplicationContext: initialization completed in 2975 ms
2020-03-20 12:01:26.416 INFO  [restartedMain]c.a.d.s.boot.autoconfigure.DruidDataSourceAutoConfigure.dataSource:56 -Init DruidDataSource
2020-03-20 12:01:30.028 INFO  [restartedMain]com.alibaba.druid.pool.DruidDataSource.init:930 -{dataSource-1} inited
2020-03-20 12:01:31.088 INFO  [restartedMain]o.s.scheduling.concurrent.ThreadPoolTaskExecutor.initialize:181 -Initializing ExecutorService 'applicationTaskExecutor'
2020-03-20 12:01:31.626 INFO  [restartedMain]o.s.b.a.s.servlet.UserDetailsServiceAutoConfiguration.getOrDeducePassword:86 -

Using generated security password: 45d1fe24-96dd-4471-9a23-061d60f5e32f

2020-03-20 12:01:31.763 INFO  [restartedMain]o.s.security.web.DefaultSecurityFilterChain.<init>:43 -Creating filter chain: any request, [org.springframework.security.web.context.request.async.WebAsyncManagerIntegrationFilter@76edc2ed, org.springframework.security.web.context.SecurityContextPersistenceFilter@35a81441, org.springframework.security.web.header.HeaderWriterFilter@47846266, org.springframework.security.web.csrf.CsrfFilter@6311863, org.springframework.security.web.authentication.logout.LogoutFilter@5363a6b7, org.springframework.security.web.authentication.UsernamePasswordAuthenticationFilter@26a8b6d, org.springframework.security.web.authentication.ui.DefaultLoginPageGeneratingFilter@755f707d, org.springframework.security.web.authentication.ui.DefaultLogoutPageGeneratingFilter@2ba3580, org.springframework.security.web.authentication.www.BasicAuthenticationFilter@5f0d9fc0, org.springframework.security.web.savedrequest.RequestCacheAwareFilter@6ffcce47, org.springframework.security.web.servletapi.SecurityContextHolderAwareRequestFilter@7486a41a, org.springframework.security.web.authentication.AnonymousAuthenticationFilter@468b60dc, org.springframework.security.web.session.SessionManagementFilter@1b14e63f, org.springframework.security.web.access.ExceptionTranslationFilter@5c490236, org.springframework.security.web.access.intercept.FilterSecurityInterceptor@11c5f27f]
2020-03-20 12:01:31.846 INFO  [restartedMain]o.s.boot.devtools.autoconfigure.OptionalLiveReloadServer.startServer:58 -LiveReload server is running on port 35729
2020-03-20 12:01:31.886 INFO  [restartedMain]org.apache.coyote.http11.Http11NioProtocol.log:173 -Starting ProtocolHandler ["http-nio-8080"]
2020-03-20 12:01:31.911 INFO  [restartedMain]o.s.boot.web.embedded.tomcat.TomcatWebServer.start:204 -Tomcat started on port(s): 8080 (http) with context path ''
2020-03-20 12:01:31.915 INFO  [restartedMain]com.hnxx.zy.clms.ClmsApplication.logStarted:61 -Started ClmsApplication in 10.005 seconds (JVM running for 12.276)
2020-03-20 12:02:08.902 INFO  [http-nio-8080-exec-2]o.a.catalina.core.ContainerBase.[Tomcat].[localhost].[/].log:173 -Initializing Spring DispatcherServlet 'dispatcherServlet'
2020-03-20 12:02:08.902 INFO  [http-nio-8080-exec-2]org.springframework.web.servlet.DispatcherServlet.initServletBean:525 -Initializing Servlet 'dispatcherServlet'
2020-03-20 12:02:08.933 INFO  [http-nio-8080-exec-2]org.springframework.web.servlet.DispatcherServlet.initServletBean:547 -Completed initialization in 30 ms
2020-03-20 12:02:44.680 INFO  [restartedMain]com.hnxx.zy.clms.ClmsApplication.logStarting:55 -Starting ClmsApplication on DESKTOP-UFFICG8 with PID 17244 (started by 25610 in G:\【卓越班第一项目组】\【班务管理系统】\clms)
2020-03-20 12:02:44.688 INFO  [restartedMain]com.hnxx.zy.clms.ClmsApplication.logStartupProfileInfo:651 -No active profile set, falling back to default profiles: default
2020-03-20 12:02:45.016 INFO  [restartedMain]o.s.b.devtools.env.DevToolsPropertyDefaultsPostProcessor.logTo:225 -Devtools property defaults active! Set 'spring.devtools.add-properties' to 'false' to disable
2020-03-20 12:02:45.017 INFO  [restartedMain]o.s.b.devtools.env.DevToolsPropertyDefaultsPostProcessor.logTo:225 -For additional web related logging consider setting the 'logging.level.web' property to 'DEBUG'
2020-03-20 12:02:47.526 INFO  [restartedMain]o.s.boot.web.embedded.tomcat.TomcatWebServer.initialize:92 -Tomcat initialized with port(s): 8080 (http)
2020-03-20 12:02:47.538 INFO  [restartedMain]org.apache.coyote.http11.Http11NioProtocol.log:173 -Initializing ProtocolHandler ["http-nio-8080"]
2020-03-20 12:02:47.544 INFO  [restartedMain]org.apache.catalina.core.StandardService.log:173 -Starting service [Tomcat]
2020-03-20 12:02:47.547 INFO  [restartedMain]org.apache.catalina.core.StandardEngine.log:173 -Starting Servlet engine: [Apache Tomcat/9.0.31]
2020-03-20 12:02:47.708 INFO  [restartedMain]o.a.catalina.core.ContainerBase.[Tomcat].[localhost].[/].log:173 -Initializing Spring embedded WebApplicationContext
2020-03-20 12:02:47.709 INFO  [restartedMain]org.springframework.web.context.ContextLoader.prepareWebApplicationContext:284 -Root WebApplicationContext: initialization completed in 2691 ms
2020-03-20 12:02:47.914 INFO  [restartedMain]c.a.d.s.boot.autoconfigure.DruidDataSourceAutoConfigure.dataSource:56 -Init DruidDataSource
2020-03-20 12:02:52.239 INFO  [restartedMain]com.alibaba.druid.pool.DruidDataSource.init:930 -{dataSource-1} inited
2020-03-20 12:02:52.910 INFO  [restartedMain]o.s.scheduling.concurrent.ThreadPoolTaskExecutor.initialize:181 -Initializing ExecutorService 'applicationTaskExecutor'
2020-03-20 12:02:53.397 INFO  [restartedMain]o.s.boot.devtools.autoconfigure.OptionalLiveReloadServer.startServer:58 -LiveReload server is running on port 35729
2020-03-20 12:02:53.458 INFO  [restartedMain]org.apache.coyote.http11.Http11NioProtocol.log:173 -Starting ProtocolHandler ["http-nio-8080"]
2020-03-20 12:02:53.485 INFO  [restartedMain]o.s.boot.web.embedded.tomcat.TomcatWebServer.start:204 -Tomcat started on port(s): 8080 (http) with context path ''
2020-03-20 12:02:53.489 INFO  [restartedMain]com.hnxx.zy.clms.ClmsApplication.logStarted:61 -Started ClmsApplication in 10.353 seconds (JVM running for 13.35)
2020-03-20 12:03:05.647 INFO  [http-nio-8080-exec-1]o.a.catalina.core.ContainerBase.[Tomcat].[localhost].[/].log:173 -Initializing Spring DispatcherServlet 'dispatcherServlet'
2020-03-20 12:03:05.649 INFO  [http-nio-8080-exec-1]org.springframework.web.servlet.DispatcherServlet.initServletBean:525 -Initializing Servlet 'dispatcherServlet'
2020-03-20 12:03:05.702 INFO  [http-nio-8080-exec-1]org.springframework.web.servlet.DispatcherServlet.initServletBean:547 -Completed initialization in 50 ms
2020-03-20 12:03:05.794 INFO  [http-nio-8080-exec-1]com.hnxx.zy.clms.common.aspect.RequestAspect.printRequestLog:127 -请求地址 : /xxx/list
2020-03-20 12:03:05.809 INFO  [http-nio-8080-exec-1]com.hnxx.zy.clms.common.aspect.RequestAspect.printRequestLog:128 -请求方式 : GET
2020-03-20 12:03:05.815 INFO  [http-nio-8080-exec-1]com.hnxx.zy.clms.common.aspect.RequestAspect.printRequestLog:131 -IP : 0:0:0:0:0:0:0:1
2020-03-20 12:03:05.817 INFO  [http-nio-8080-exec-1]com.hnxx.zy.clms.common.aspect.RequestAspect.printRequestLog:133 -方法 : com.hnxx.zy.clms.controller.XxxController.list
2020-03-20 12:03:05.819 INFO  [http-nio-8080-exec-1]com.hnxx.zy.clms.common.aspect.RequestAspect.printRequestLog:135 -请求参数：[]
2020-03-20 12:03:06.171 INFO  [http-nio-8080-exec-1]com.hnxx.zy.clms.common.aspect.RequestAspect.doAround:81 -耗时 : 378
2020-03-20 12:03:06.467 INFO  [http-nio-8080-exec-1]com.hnxx.zy.clms.common.aspect.RequestAspect.doAfterReturning:96 -返回值:{"code":200,"data":[{"createdTime":"2020-03-17 22:22:57","isDeleted":0,"isEnabled":1,"updateTime":"2020-03-18 16:34:12","version":1,"xxId":1,"xxName":"测试模型1"},{"createdTime":"2020-03-18 10:06:34","isDeleted":0,"isEnabled":1,"updateTime":"2020-03-18 16:34:23","version":1,"xxId":3,"xxName":"测试模型3"},{"createdTime":"2020-03-18 10:32:13","isDeleted":0,"isEnabled":1,"updateTime":"2020-03-18 16:34:32","version":1,"xxId":4,"xxName":"测试模型4"},{"createdTime":"2020-03-18 10:32:24","isDeleted":0,"isEnabled":1,"updateTime":"2020-03-18 16:34:36","version":1,"xxId":5,"xxName":"测试模型5"},{"createdTime":"2020-03-18 10:32:31","isDeleted":0,"isEnabled":1,"updateTime":"2020-03-18 16:34:38","version":1,"xxId":6,"xxName":"测试模型6"},{"createdTime":"2020-03-18 11:20:50","isDeleted":0,"isEnabled":1,"updateTime":"2020-03-18 16:34:41","version":1,"xxId":7,"xxName":"测试模型7"},{"createdTime":"2020-03-18 11:55:58","isDeleted":0,"isEnabled":1,"updateTime":"2020-03-18 16:34:46","version":1,"xxId":8,"xxName":"测试模型8"},{"createdTime":"2020-03-18 12:15:33","isDeleted":0,"isEnabled":1,"updateTime":"2020-03-18 16:34:50","version":1,"xxId":9,"xxName":"测试模型9"},{"createdTime":"2020-03-18 12:16:27","isDeleted":0,"isEnabled":1,"updateTime":"2020-03-18 16:34:57","version":1,"xxId":10,"xxName":"测试模型10"},{"createdTime":"2020-03-18 12:17:05","isDeleted":0,"isEnabled":1,"updateTime":"2020-03-18 16:35:00","version":1,"xxId":11,"xxName":"测试模型11"},{"createdTime":"2020-03-18 12:18:35","isDeleted":0,"isEnabled":1,"updateTime":"2020-03-18 16:35:05","version":1,"xxId":12,"xxName":"测试模型12"},{"createdTime":"2020-03-18 12:28:47","isDeleted":1,"isEnabled":1,"updateTime":"2020-03-18 16:35:30","version":1,"xxId":13,"xxName":"xxx"},{"createdTime":"2020-03-18 12:28:54","isDeleted":1,"isEnabled":1,"updateTime":"2020-03-18 16:35:35","version":1,"xxId":14,"xxName":"xxxxxxx"}],"msg":"操作成功！"}
2020-03-20 12:03:21.099 INFO  [http-nio-8080-exec-3]com.hnxx.zy.clms.common.aspect.RequestAspect.printRequestLog:127 -请求地址 : /xxx/get/1
2020-03-20 12:03:21.101 INFO  [http-nio-8080-exec-3]com.hnxx.zy.clms.common.aspect.RequestAspect.printRequestLog:128 -请求方式 : GET
2020-03-20 12:03:21.103 INFO  [http-nio-8080-exec-3]com.hnxx.zy.clms.common.aspect.RequestAspect.printRequestLog:131 -IP : 0:0:0:0:0:0:0:1
2020-03-20 12:03:21.103 INFO  [http-nio-8080-exec-3]com.hnxx.zy.clms.common.aspect.RequestAspect.printRequestLog:133 -方法 : com.hnxx.zy.clms.controller.XxxController.update
2020-03-20 12:03:21.104 INFO  [http-nio-8080-exec-3]com.hnxx.zy.clms.common.aspect.RequestAspect.printRequestLog:135 -请求参数：[1]
2020-03-20 12:03:21.190 INFO  [http-nio-8080-exec-3]com.hnxx.zy.clms.common.aspect.RequestAspect.doAround:81 -耗时 : 91
2020-03-20 12:03:21.192 INFO  [http-nio-8080-exec-3]com.hnxx.zy.clms.common.aspect.RequestAspect.doAfterReturning:96 -返回值:{"code":200,"data":{"createdTime":"2020-03-17 22:22:57","isDeleted":0,"isEnabled":1,"updateTime":"2020-03-18 16:34:12","version":1,"xxId":1,"xxName":"测试模型1"},"msg":"操作成功！"}
2020-03-20 18:01:28.097 INFO  [restartedMain]com.hnxx.zy.clms.ClmsApplication.logStarting:55 -Starting ClmsApplication on DESKTOP-UFFICG8 with PID 20560 (started by 25610 in G:\【卓越班第一项目组】\【班务管理系统】\clms)
2020-03-20 18:01:28.269 INFO  [restartedMain]com.hnxx.zy.clms.ClmsApplication.logStartupProfileInfo:651 -No active profile set, falling back to default profiles: default
2020-03-20 18:01:28.745 INFO  [restartedMain]o.s.b.devtools.env.DevToolsPropertyDefaultsPostProcessor.logTo:225 -Devtools property defaults active! Set 'spring.devtools.add-properties' to 'false' to disable
2020-03-20 18:01:28.746 INFO  [restartedMain]o.s.b.devtools.env.DevToolsPropertyDefaultsPostProcessor.logTo:225 -For additional web related logging consider setting the 'logging.level.web' property to 'DEBUG'
2020-03-20 18:01:41.415 INFO  [restartedMain]o.s.boot.web.embedded.tomcat.TomcatWebServer.initialize:92 -Tomcat initialized with port(s): 8080 (http)
2020-03-20 18:01:41.487 INFO  [restartedMain]org.apache.coyote.http11.Http11NioProtocol.log:173 -Initializing ProtocolHandler ["http-nio-8080"]
2020-03-20 18:01:41.491 INFO  [restartedMain]org.apache.catalina.core.StandardService.log:173 -Starting service [Tomcat]
2020-03-20 18:01:41.492 INFO  [restartedMain]org.apache.catalina.core.StandardEngine.log:173 -Starting Servlet engine: [Apache Tomcat/9.0.31]
2020-03-20 18:01:42.210 INFO  [restartedMain]o.a.catalina.core.ContainerBase.[Tomcat].[localhost].[/].log:173 -Initializing Spring embedded WebApplicationContext
2020-03-20 18:01:42.211 INFO  [restartedMain]org.springframework.web.context.ContextLoader.prepareWebApplicationContext:284 -Root WebApplicationContext: initialization completed in 13464 ms
2020-03-20 18:01:42.977 INFO  [restartedMain]c.a.d.s.boot.autoconfigure.DruidDataSourceAutoConfigure.dataSource:56 -Init DruidDataSource
2020-03-20 18:01:47.969 INFO  [restartedMain]com.alibaba.druid.pool.DruidDataSource.init:930 -{dataSource-1} inited
2020-03-20 18:01:49.350 INFO  [restartedMain]o.s.scheduling.concurrent.ThreadPoolTaskExecutor.initialize:181 -Initializing ExecutorService 'applicationTaskExecutor'
2020-03-20 18:01:50.142 INFO  [restartedMain]o.s.boot.devtools.autoconfigure.OptionalLiveReloadServer.startServer:58 -LiveReload server is running on port 35729
2020-03-20 18:01:50.213 INFO  [restartedMain]org.apache.coyote.http11.Http11NioProtocol.log:173 -Starting ProtocolHandler ["http-nio-8080"]
2020-03-20 18:01:50.319 INFO  [restartedMain]o.s.boot.web.embedded.tomcat.TomcatWebServer.start:204 -Tomcat started on port(s): 8080 (http) with context path ''
2020-03-20 18:01:50.331 INFO  [restartedMain]com.hnxx.zy.clms.ClmsApplication.logStarted:61 -Started ClmsApplication in 26.222 seconds (JVM running for 36.545)
2020-03-20 18:02:59.701 INFO  [http-nio-8080-exec-1]o.a.catalina.core.ContainerBase.[Tomcat].[localhost].[/].log:173 -Initializing Spring DispatcherServlet 'dispatcherServlet'
2020-03-20 18:02:59.703 INFO  [http-nio-8080-exec-1]org.springframework.web.servlet.DispatcherServlet.initServletBean:525 -Initializing Servlet 'dispatcherServlet'
2020-03-20 18:02:59.736 INFO  [http-nio-8080-exec-1]org.springframework.web.servlet.DispatcherServlet.initServletBean:547 -Completed initialization in 32 ms
2020-03-20 18:03:20.179 INFO  [http-nio-8080-exec-1]com.hnxx.zy.clms.common.aspect.RequestAspect.printRequestLog:127 -请求地址 : /xxx/get/1
2020-03-20 18:03:20.189 INFO  [http-nio-8080-exec-1]com.hnxx.zy.clms.common.aspect.RequestAspect.printRequestLog:128 -请求方式 : GET
2020-03-20 18:03:20.199 INFO  [http-nio-8080-exec-1]com.hnxx.zy.clms.common.aspect.RequestAspect.printRequestLog:131 -IP : 0:0:0:0:0:0:0:1
2020-03-20 18:03:20.200 INFO  [http-nio-8080-exec-1]com.hnxx.zy.clms.common.aspect.RequestAspect.printRequestLog:133 -方法 : com.hnxx.zy.clms.controller.XxxController.update
2020-03-20 18:03:20.200 INFO  [http-nio-8080-exec-1]com.hnxx.zy.clms.common.aspect.RequestAspect.printRequestLog:135 -请求参数：[1]
2020-03-20 18:03:26.572 INFO  [http-nio-8080-exec-1]com.hnxx.zy.clms.common.aspect.RequestAspect.doAround:81 -耗时 : 7658
2020-03-20 18:03:27.000 INFO  [http-nio-8080-exec-1]com.hnxx.zy.clms.common.aspect.RequestAspect.doAfterReturning:96 -返回值:{"code":200,"data":{"createdTime":"2020-03-17 22:22:57","isDeleted":0,"isEnabled":1,"updateTime":"2020-03-18 16:34:12","version":1,"xxId":1,"xxName":"测试模型1"},"msg":"操作成功！"}
2020-03-20 18:04:01.839 INFO  [SpringContextShutdownHook]o.s.scheduling.concurrent.ThreadPoolTaskExecutor.shutdown:218 -Shutting down ExecutorService 'applicationTaskExecutor'
2020-03-20 18:04:01.855 INFO  [SpringContextShutdownHook]com.alibaba.druid.pool.DruidDataSource.close:1825 -{dataSource-1} closed
2020-03-20 20:54:47.693 INFO  [restartedMain]com.hnxx.zy.clms.ClmsApplication.logStarting:55 -Starting ClmsApplication on DESKTOP-UFFICG8 with PID 22036 (started by 25610 in G:\【卓越班第一项目组】\【班务管理系统】\clms)
2020-03-20 20:54:47.712 INFO  [restartedMain]com.hnxx.zy.clms.ClmsApplication.logStartupProfileInfo:651 -No active profile set, falling back to default profiles: default
2020-03-20 20:54:47.850 INFO  [restartedMain]o.s.b.devtools.env.DevToolsPropertyDefaultsPostProcessor.logTo:225 -Devtools property defaults active! Set 'spring.devtools.add-properties' to 'false' to disable
2020-03-20 20:54:47.850 INFO  [restartedMain]o.s.b.devtools.env.DevToolsPropertyDefaultsPostProcessor.logTo:225 -For additional web related logging consider setting the 'logging.level.web' property to 'DEBUG'
2020-03-20 20:54:51.370 INFO  [restartedMain]o.s.boot.web.embedded.tomcat.TomcatWebServer.initialize:92 -Tomcat initialized with port(s): 8080 (http)
2020-03-20 20:54:51.386 INFO  [restartedMain]org.apache.coyote.http11.Http11NioProtocol.log:173 -Initializing ProtocolHandler ["http-nio-8080"]
2020-03-20 20:54:51.387 INFO  [restartedMain]org.apache.catalina.core.StandardService.log:173 -Starting service [Tomcat]
2020-03-20 20:54:51.388 INFO  [restartedMain]org.apache.catalina.core.StandardEngine.log:173 -Starting Servlet engine: [Apache Tomcat/9.0.31]
2020-03-20 20:54:51.565 INFO  [restartedMain]o.a.catalina.core.ContainerBase.[Tomcat].[localhost].[/].log:173 -Initializing Spring embedded WebApplicationContext
2020-03-20 20:54:51.565 INFO  [restartedMain]org.springframework.web.context.ContextLoader.prepareWebApplicationContext:284 -Root WebApplicationContext: initialization completed in 3715 ms
2020-03-20 20:54:51.792 INFO  [restartedMain]c.a.d.s.boot.autoconfigure.DruidDataSourceAutoConfigure.dataSource:56 -Init DruidDataSource
2020-03-20 20:54:57.472 INFO  [restartedMain]com.alibaba.druid.pool.DruidDataSource.init:930 -{dataSource-1} inited
2020-03-20 20:54:58.373 INFO  [restartedMain]o.s.scheduling.concurrent.ThreadPoolTaskExecutor.initialize:181 -Initializing ExecutorService 'applicationTaskExecutor'
2020-03-20 20:54:59.116 INFO  [restartedMain]o.s.boot.devtools.autoconfigure.OptionalLiveReloadServer.startServer:58 -LiveReload server is running on port 35729
2020-03-20 20:54:59.203 INFO  [restartedMain]org.apache.coyote.http11.Http11NioProtocol.log:173 -Starting ProtocolHandler ["http-nio-8080"]
2020-03-20 20:54:59.238 INFO  [restartedMain]o.s.boot.web.embedded.tomcat.TomcatWebServer.start:204 -Tomcat started on port(s): 8080 (http) with context path ''
2020-03-20 20:54:59.244 INFO  [restartedMain]com.hnxx.zy.clms.ClmsApplication.logStarted:61 -Started ClmsApplication in 14.023 seconds (JVM running for 18.135)
2020-03-20 20:55:03.680 INFO  [http-nio-8080-exec-1]o.a.catalina.core.ContainerBase.[Tomcat].[localhost].[/].log:173 -Initializing Spring DispatcherServlet 'dispatcherServlet'
2020-03-20 20:55:03.681 INFO  [http-nio-8080-exec-1]org.springframework.web.servlet.DispatcherServlet.initServletBean:525 -Initializing Servlet 'dispatcherServlet'
2020-03-20 20:55:03.710 INFO  [http-nio-8080-exec-1]org.springframework.web.servlet.DispatcherServlet.initServletBean:547 -Completed initialization in 29 ms
2020-03-20 20:55:03.760 INFO  [http-nio-8080-exec-1]com.hnxx.zy.clms.common.aspect.RequestAspect.printRequestLog:127 -请求地址 : /xxx/list
2020-03-20 20:55:03.762 INFO  [http-nio-8080-exec-1]com.hnxx.zy.clms.common.aspect.RequestAspect.printRequestLog:128 -请求方式 : GET
2020-03-20 20:55:03.769 INFO  [http-nio-8080-exec-1]com.hnxx.zy.clms.common.aspect.RequestAspect.printRequestLog:131 -IP : 0:0:0:0:0:0:0:1
2020-03-20 20:55:03.771 INFO  [http-nio-8080-exec-1]com.hnxx.zy.clms.common.aspect.RequestAspect.printRequestLog:133 -方法 : com.hnxx.zy.clms.controller.XxxController.list
2020-03-20 20:55:03.773 INFO  [http-nio-8080-exec-1]com.hnxx.zy.clms.common.aspect.RequestAspect.printRequestLog:135 -请求参数：[]
2020-03-20 20:55:04.028 INFO  [http-nio-8080-exec-1]com.hnxx.zy.clms.common.aspect.RequestAspect.doAround:81 -耗时 : 269
2020-03-20 20:55:04.185 INFO  [http-nio-8080-exec-1]com.hnxx.zy.clms.common.aspect.RequestAspect.doAfterReturning:96 -返回值:{"code":200,"data":[{"createdTime":"2020-03-17 22:22:57","isDeleted":0,"isEnabled":1,"updateTime":"2020-03-18 16:34:12","version":1,"xxId":1,"xxName":"测试模型1"},{"createdTime":"2020-03-18 10:06:34","isDeleted":0,"isEnabled":1,"updateTime":"2020-03-18 16:34:23","version":1,"xxId":3,"xxName":"测试模型3"},{"createdTime":"2020-03-18 10:32:13","isDeleted":0,"isEnabled":1,"updateTime":"2020-03-18 16:34:32","version":1,"xxId":4,"xxName":"测试模型4"},{"createdTime":"2020-03-18 10:32:24","isDeleted":0,"isEnabled":1,"updateTime":"2020-03-18 16:34:36","version":1,"xxId":5,"xxName":"测试模型5"},{"createdTime":"2020-03-18 10:32:31","isDeleted":0,"isEnabled":1,"updateTime":"2020-03-18 16:34:38","version":1,"xxId":6,"xxName":"测试模型6"},{"createdTime":"2020-03-18 11:20:50","isDeleted":0,"isEnabled":1,"updateTime":"2020-03-18 16:34:41","version":1,"xxId":7,"xxName":"测试模型7"},{"createdTime":"2020-03-18 11:55:58","isDeleted":0,"isEnabled":1,"updateTime":"2020-03-18 16:34:46","version":1,"xxId":8,"xxName":"测试模型8"},{"createdTime":"2020-03-18 12:15:33","isDeleted":0,"isEnabled":1,"updateTime":"2020-03-18 16:34:50","version":1,"xxId":9,"xxName":"测试模型9"},{"createdTime":"2020-03-18 12:16:27","isDeleted":0,"isEnabled":1,"updateTime":"2020-03-18 16:34:57","version":1,"xxId":10,"xxName":"测试模型10"},{"createdTime":"2020-03-18 12:17:05","isDeleted":0,"isEnabled":1,"updateTime":"2020-03-18 16:35:00","version":1,"xxId":11,"xxName":"测试模型11"},{"createdTime":"2020-03-18 12:18:35","isDeleted":0,"isEnabled":1,"updateTime":"2020-03-18 16:35:05","version":1,"xxId":12,"xxName":"测试模型12"},{"createdTime":"2020-03-18 12:28:47","isDeleted":1,"isEnabled":1,"updateTime":"2020-03-18 16:35:30","version":1,"xxId":13,"xxName":"xxx"},{"createdTime":"2020-03-18 12:28:54","isDeleted":1,"isEnabled":1,"updateTime":"2020-03-18 16:35:35","version":1,"xxId":14,"xxName":"xxxxxxx"}],"msg":"操作成功！"}
2020-03-20 20:55:49.866 INFO  [http-nio-8080-exec-5]com.hnxx.zy.clms.common.aspect.RequestAspect.printRequestLog:127 -请求地址 : /xxx/list
2020-03-20 20:55:49.867 INFO  [http-nio-8080-exec-5]com.hnxx.zy.clms.common.aspect.RequestAspect.printRequestLog:128 -请求方式 : GET
2020-03-20 20:55:49.868 INFO  [http-nio-8080-exec-5]com.hnxx.zy.clms.common.aspect.RequestAspect.printRequestLog:131 -IP : 0:0:0:0:0:0:0:1
2020-03-20 20:55:49.869 INFO  [http-nio-8080-exec-5]com.hnxx.zy.clms.common.aspect.RequestAspect.printRequestLog:133 -方法 : com.hnxx.zy.clms.controller.XxxController.list
2020-03-20 20:55:49.870 INFO  [http-nio-8080-exec-5]com.hnxx.zy.clms.common.aspect.RequestAspect.printRequestLog:135 -请求参数：[]
2020-03-20 20:55:49.960 INFO  [http-nio-8080-exec-5]com.hnxx.zy.clms.common.aspect.RequestAspect.doAround:81 -耗时 : 94
2020-03-20 20:55:49.962 INFO  [http-nio-8080-exec-5]com.hnxx.zy.clms.common.aspect.RequestAspect.doAfterReturning:96 -返回值:{"code":200,"data":[{"createdTime":"2020-03-17 22:22:57","isDeleted":0,"isEnabled":1,"updateTime":"2020-03-18 16:34:12","version":1,"xxId":1,"xxName":"测试模型1"},{"createdTime":"2020-03-18 10:06:34","isDeleted":0,"isEnabled":1,"updateTime":"2020-03-18 16:34:23","version":1,"xxId":3,"xxName":"测试模型3"},{"createdTime":"2020-03-18 10:32:13","isDeleted":0,"isEnabled":1,"updateTime":"2020-03-18 16:34:32","version":1,"xxId":4,"xxName":"测试模型4"},{"createdTime":"2020-03-18 10:32:24","isDeleted":0,"isEnabled":1,"updateTime":"2020-03-18 16:34:36","version":1,"xxId":5,"xxName":"测试模型5"},{"createdTime":"2020-03-18 10:32:31","isDeleted":0,"isEnabled":1,"updateTime":"2020-03-18 16:34:38","version":1,"xxId":6,"xxName":"测试模型6"},{"createdTime":"2020-03-18 11:20:50","isDeleted":0,"isEnabled":1,"updateTime":"2020-03-18 16:34:41","version":1,"xxId":7,"xxName":"测试模型7"},{"createdTime":"2020-03-18 11:55:58","isDeleted":0,"isEnabled":1,"updateTime":"2020-03-18 16:34:46","version":1,"xxId":8,"xxName":"测试模型8"},{"createdTime":"2020-03-18 12:15:33","isDeleted":0,"isEnabled":1,"updateTime":"2020-03-18 16:34:50","version":1,"xxId":9,"xxName":"测试模型9"},{"createdTime":"2020-03-18 12:16:27","isDeleted":0,"isEnabled":1,"updateTime":"2020-03-18 16:34:57","version":1,"xxId":10,"xxName":"测试模型10"},{"createdTime":"2020-03-18 12:17:05","isDeleted":0,"isEnabled":1,"updateTime":"2020-03-18 16:35:00","version":1,"xxId":11,"xxName":"测试模型11"},{"createdTime":"2020-03-18 12:18:35","isDeleted":0,"isEnabled":1,"updateTime":"2020-03-18 16:35:05","version":1,"xxId":12,"xxName":"测试模型12"},{"createdTime":"2020-03-18 12:28:47","isDeleted":1,"isEnabled":1,"updateTime":"2020-03-18 16:35:30","version":1,"xxId":13,"xxName":"xxx"},{"createdTime":"2020-03-18 12:28:54","isDeleted":1,"isEnabled":1,"updateTime":"2020-03-18 16:35:35","version":1,"xxId":14,"xxName":"xxxxxxx"}],"msg":"操作成功！"}
2020-03-20 20:56:20.076 INFO  [http-nio-8080-exec-7]com.hnxx.zy.clms.common.aspect.RequestAspect.printRequestLog:127 -请求地址 : /xxx/list
2020-03-20 20:56:20.077 INFO  [http-nio-8080-exec-7]com.hnxx.zy.clms.common.aspect.RequestAspect.printRequestLog:128 -请求方式 : GET
2020-03-20 20:56:20.081 INFO  [http-nio-8080-exec-7]com.hnxx.zy.clms.common.aspect.RequestAspect.printRequestLog:131 -IP : 0:0:0:0:0:0:0:1
2020-03-20 20:56:20.082 INFO  [http-nio-8080-exec-7]com.hnxx.zy.clms.common.aspect.RequestAspect.printRequestLog:133 -方法 : com.hnxx.zy.clms.controller.XxxController.list
2020-03-20 20:56:20.083 INFO  [http-nio-8080-exec-7]com.hnxx.zy.clms.common.aspect.RequestAspect.printRequestLog:135 -请求参数：[]
2020-03-20 20:56:20.162 INFO  [http-nio-8080-exec-7]com.hnxx.zy.clms.common.aspect.RequestAspect.doAround:81 -耗时 : 86
2020-03-20 20:56:20.163 INFO  [http-nio-8080-exec-7]com.hnxx.zy.clms.common.aspect.RequestAspect.doAfterReturning:96 -返回值:{"code":200,"data":[{"createdTime":"2020-03-17 22:22:57","isDeleted":0,"isEnabled":1,"updateTime":"2020-03-18 16:34:12","version":1,"xxId":1,"xxName":"测试模型1"},{"createdTime":"2020-03-18 10:06:34","isDeleted":0,"isEnabled":1,"updateTime":"2020-03-18 16:34:23","version":1,"xxId":3,"xxName":"测试模型3"},{"createdTime":"2020-03-18 10:32:13","isDeleted":0,"isEnabled":1,"updateTime":"2020-03-18 16:34:32","version":1,"xxId":4,"xxName":"测试模型4"},{"createdTime":"2020-03-18 10:32:24","isDeleted":0,"isEnabled":1,"updateTime":"2020-03-18 16:34:36","version":1,"xxId":5,"xxName":"测试模型5"},{"createdTime":"2020-03-18 10:32:31","isDeleted":0,"isEnabled":1,"updateTime":"2020-03-18 16:34:38","version":1,"xxId":6,"xxName":"测试模型6"},{"createdTime":"2020-03-18 11:20:50","isDeleted":0,"isEnabled":1,"updateTime":"2020-03-18 16:34:41","version":1,"xxId":7,"xxName":"测试模型7"},{"createdTime":"2020-03-18 11:55:58","isDeleted":0,"isEnabled":1,"updateTime":"2020-03-18 16:34:46","version":1,"xxId":8,"xxName":"测试模型8"},{"createdTime":"2020-03-18 12:15:33","isDeleted":0,"isEnabled":1,"updateTime":"2020-03-18 16:34:50","version":1,"xxId":9,"xxName":"测试模型9"},{"createdTime":"2020-03-18 12:16:27","isDeleted":0,"isEnabled":1,"updateTime":"2020-03-18 16:34:57","version":1,"xxId":10,"xxName":"测试模型10"},{"createdTime":"2020-03-18 12:17:05","isDeleted":0,"isEnabled":1,"updateTime":"2020-03-18 16:35:00","version":1,"xxId":11,"xxName":"测试模型11"},{"createdTime":"2020-03-18 12:18:35","isDeleted":0,"isEnabled":1,"updateTime":"2020-03-18 16:35:05","version":1,"xxId":12,"xxName":"测试模型12"},{"createdTime":"2020-03-18 12:28:47","isDeleted":1,"isEnabled":1,"updateTime":"2020-03-18 16:35:30","version":1,"xxId":13,"xxName":"xxx"},{"createdTime":"2020-03-18 12:28:54","isDeleted":1,"isEnabled":1,"updateTime":"2020-03-18 16:35:35","version":1,"xxId":14,"xxName":"xxxxxxx"}],"msg":"操作成功！"}
